2018-04-29 15:03:18,159 [INFO] from application in play-dev-mode-akka.actor.default-dispatcher-3 - Creating Pool for datasource 'default'
2018-04-29 15:03:18,365 [INFO] from play.api.db.HikariCPConnectionPool in play-dev-mode-akka.actor.default-dispatcher-3 - datasource [default] bound to JNDI as livrosDS
2018-04-29 15:03:18,395 [INFO] from play.api.db.DefaultDBApi in play-dev-mode-akka.actor.default-dispatcher-3 - Database [default] connected at jdbc:postgresql://localhost/livros
2018-04-29 15:03:19,067 [WARN] from org.hibernate.validator.messageinterpolation.ParameterMessageInterpolator in play-dev-mode-akka.actor.default-dispatcher-3 - HV000184: ParameterMessageInterpolator has been chosen, EL interpolation will not be supported
2018-04-29 15:03:20,632 [INFO] from play.api.http.EnabledFilters in play-dev-mode-akka.actor.default-dispatcher-3 - Enabled Filters (see <https://www.playframework.com/documentation/latest/Filters>):

    play.filters.csrf.CSRFFilter
    play.filters.headers.SecurityHeadersFilter
    play.filters.hosts.AllowedHostsFilter

2018-04-29 15:03:20,639 [INFO] from play.api.Play in play-dev-mode-akka.actor.default-dispatcher-3 - Application started (Dev)
2018-04-29 15:11:46,885 [INFO] from application in application-akka.actor.default-dispatcher-14 - Shutting down connection pool.
2018-04-29 15:11:47,222 [INFO] from application in play-dev-mode-akka.actor.default-dispatcher-41 - Creating Pool for datasource 'default'
2018-04-29 15:11:47,263 [INFO] from play.api.db.HikariCPConnectionPool in play-dev-mode-akka.actor.default-dispatcher-41 - datasource [default] bound to JNDI as livrosDS
2018-04-29 15:11:47,263 [INFO] from play.api.db.DefaultDBApi in play-dev-mode-akka.actor.default-dispatcher-41 - Database [default] connected at jdbc:postgresql://localhost/livros
2018-04-29 15:11:47,367 [WARN] from org.hibernate.validator.messageinterpolation.ParameterMessageInterpolator in play-dev-mode-akka.actor.default-dispatcher-41 - HV000184: ParameterMessageInterpolator has been chosen, EL interpolation will not be supported
2018-04-29 15:11:47,654 [INFO] from play.api.http.EnabledFilters in play-dev-mode-akka.actor.default-dispatcher-41 - Enabled Filters (see <https://www.playframework.com/documentation/latest/Filters>):

    play.filters.csrf.CSRFFilter
    play.filters.headers.SecurityHeadersFilter
    play.filters.hosts.AllowedHostsFilter

2018-04-29 15:11:47,654 [INFO] from play.api.Play in play-dev-mode-akka.actor.default-dispatcher-41 - Application started (Dev)
2018-04-29 15:18:42,863 [INFO] from application in application-akka.actor.default-dispatcher-10 - Shutting down connection pool.
2018-04-29 15:18:43,056 [INFO] from application in play-dev-mode-akka.actor.default-dispatcher-41 - Creating Pool for datasource 'default'
2018-04-29 15:18:43,091 [INFO] from play.api.db.HikariCPConnectionPool in play-dev-mode-akka.actor.default-dispatcher-41 - datasource [default] bound to JNDI as livrosDS
2018-04-29 15:18:43,091 [INFO] from play.api.db.DefaultDBApi in play-dev-mode-akka.actor.default-dispatcher-41 - Database [default] connected at jdbc:postgresql://localhost/livros
2018-04-29 15:18:43,158 [WARN] from org.hibernate.validator.messageinterpolation.ParameterMessageInterpolator in play-dev-mode-akka.actor.default-dispatcher-41 - HV000184: ParameterMessageInterpolator has been chosen, EL interpolation will not be supported
2018-04-29 15:18:43,436 [INFO] from play.api.http.EnabledFilters in play-dev-mode-akka.actor.default-dispatcher-41 - Enabled Filters (see <https://www.playframework.com/documentation/latest/Filters>):

    play.filters.csrf.CSRFFilter
    play.filters.headers.SecurityHeadersFilter
    play.filters.hosts.AllowedHostsFilter

2018-04-29 15:18:43,442 [INFO] from play.api.Play in play-dev-mode-akka.actor.default-dispatcher-41 - Application started (Dev)
2018-04-29 15:19:00,697 [WARN] from play.filters.hosts.AllowedHostsFilter in application-akka.actor.default-dispatcher-6 - Host not allowed: 192.168.15.7:9000
2018-04-29 15:19:02,037 [WARN] from play.filters.hosts.AllowedHostsFilter in application-akka.actor.default-dispatcher-6 - Host not allowed: 192.168.15.7:9000
2018-04-29 15:19:23,437 [WARN] from play.filters.hosts.AllowedHostsFilter in application-akka.actor.default-dispatcher-5 - Host not allowed: 192.168.15.7:9000
2018-04-29 15:19:23,638 [WARN] from play.filters.hosts.AllowedHostsFilter in application-akka.actor.default-dispatcher-5 - Host not allowed: 192.168.15.7:9000
2018-04-29 15:20:42,893 [INFO] from application in application-akka.actor.default-dispatcher-8 - Shutting down connection pool.
2018-04-29 15:20:43,074 [INFO] from application in play-dev-mode-akka.actor.default-dispatcher-70 - Creating Pool for datasource 'default'
2018-04-29 15:20:43,110 [INFO] from play.api.db.HikariCPConnectionPool in play-dev-mode-akka.actor.default-dispatcher-70 - datasource [default] bound to JNDI as livrosDS
2018-04-29 15:20:43,110 [INFO] from play.api.db.DefaultDBApi in play-dev-mode-akka.actor.default-dispatcher-70 - Database [default] connected at jdbc:postgresql://localhost/livros
2018-04-29 15:20:43,171 [WARN] from org.hibernate.validator.messageinterpolation.ParameterMessageInterpolator in play-dev-mode-akka.actor.default-dispatcher-70 - HV000184: ParameterMessageInterpolator has been chosen, EL interpolation will not be supported
2018-04-29 15:20:43,438 [INFO] from play.api.http.EnabledFilters in play-dev-mode-akka.actor.default-dispatcher-70 - Enabled Filters (see <https://www.playframework.com/documentation/latest/Filters>):

    play.filters.csrf.CSRFFilter
    play.filters.headers.SecurityHeadersFilter
    play.filters.hosts.AllowedHostsFilter

2018-04-29 15:20:43,438 [INFO] from play.api.Play in play-dev-mode-akka.actor.default-dispatcher-70 - Application started (Dev)
2018-04-29 16:22:35,838 [ERROR] from application in application-akka.actor.default-dispatcher-23 - 

! @77mighf72 - Internal server error, for (GET) [/editar/257] ->
 
play.api.http.HttpErrorHandlerExceptions$$anon$1: Execution exception[[NoResultException: No entity found for query]]
	at play.api.http.HttpErrorHandlerExceptions$.throwableToUsefulException(HttpErrorHandler.scala:255)
	at play.api.http.DefaultHttpErrorHandler.onServerError(HttpErrorHandler.scala:182)
	at play.core.server.AkkaHttpServer$$anonfun$2.applyOrElse(AkkaHttpServer.scala:343)
	at play.core.server.AkkaHttpServer$$anonfun$2.applyOrElse(AkkaHttpServer.scala:341)
	at scala.concurrent.Future.$anonfun$recoverWith$1(Future.scala:414)
	at scala.concurrent.impl.Promise.$anonfun$transformWith$1(Promise.scala:37)
	at scala.concurrent.impl.CallbackRunnable.run(Promise.scala:60)
	at akka.dispatch.BatchingExecutor$AbstractBatch.processBatch(BatchingExecutor.scala:55)
	at akka.dispatch.BatchingExecutor$BlockableBatch.$anonfun$run$1(BatchingExecutor.scala:91)
	at scala.runtime.java8.JFunction0$mcV$sp.apply(JFunction0$mcV$sp.java:12)
	at scala.concurrent.BlockContext$.withBlockContext(BlockContext.scala:81)
	at akka.dispatch.BatchingExecutor$BlockableBatch.run(BatchingExecutor.scala:91)
	at akka.dispatch.TaskInvocation.run(AbstractDispatcher.scala:40)
	at akka.dispatch.ForkJoinExecutorConfigurator$AkkaForkJoinTask.exec(ForkJoinExecutorConfigurator.scala:43)
	at akka.dispatch.forkjoin.ForkJoinTask.doExec(ForkJoinTask.java:260)
	at akka.dispatch.forkjoin.ForkJoinPool$WorkQueue.runTask(ForkJoinPool.java:1339)
	at akka.dispatch.forkjoin.ForkJoinPool.runWorker(ForkJoinPool.java:1979)
	at akka.dispatch.forkjoin.ForkJoinWorkerThread.run(ForkJoinWorkerThread.java:107)
Caused by: javax.persistence.NoResultException: No entity found for query
	at org.hibernate.query.internal.AbstractProducedQuery.getSingleResult(AbstractProducedQuery.java:1465)
	at repository.JPALivroRepository.pesquisarId(JPALivroRepository.java:41)
	at repository.JPALivroRepository.lambda$pesquisarPorId$4(JPALivroRepository.java:36)
	at play.db.jpa.DefaultJPAApi.withTransaction(DefaultJPAApi.java:142)
	at play.db.jpa.DefaultJPAApi.withTransaction(DefaultJPAApi.java:100)
	at repository.JPALivroRepository.wrap(JPALivroRepository.java:16)
	at repository.JPALivroRepository.pesquisarPorId(JPALivroRepository.java:36)
	at controllers.LivroController.editar(LivroController.java:59)
	at router.Routes$$anonfun$routes$1.$anonfun$applyOrElse$6(Routes.scala:222)
	at play.core.routing.HandlerInvokerFactory$$anon$3.resultCall(HandlerInvoker.scala:134)
	at play.core.routing.HandlerInvokerFactory$$anon$3.resultCall(HandlerInvoker.scala:133)
	at play.core.routing.HandlerInvokerFactory$JavaActionInvokerFactory$$anon$8$$anon$2$$anon$1.invocation(HandlerInvoker.scala:108)
	at play.core.j.JavaAction$$anon$1.call(JavaAction.scala:88)
	at play.http.DefaultActionCreator$1.call(DefaultActionCreator.java:31)
	at play.core.j.JavaAction.$anonfun$apply$8(JavaAction.scala:138)
	at scala.concurrent.Future$.$anonfun$apply$1(Future.scala:655)
	at scala.util.Success.$anonfun$map$1(Try.scala:251)
	at scala.util.Success.map(Try.scala:209)
	at scala.concurrent.Future.$anonfun$map$1(Future.scala:289)
	at scala.concurrent.impl.Promise.liftedTree1$1(Promise.scala:29)
	at scala.concurrent.impl.Promise.$anonfun$transform$1(Promise.scala:29)
	at scala.concurrent.impl.CallbackRunnable.run(Promise.scala:60)
	at play.core.j.HttpExecutionContext$$anon$2.run(HttpExecutionContext.scala:56)
	at play.api.libs.streams.Execution$trampoline$.execute(Execution.scala:70)
	at play.core.j.HttpExecutionContext.execute(HttpExecutionContext.scala:48)
	at scala.concurrent.impl.CallbackRunnable.executeWithValue(Promise.scala:68)
	at scala.concurrent.impl.Promise$KeptPromise$Kept.onComplete(Promise.scala:368)
	at scala.concurrent.impl.Promise$KeptPromise$Kept.onComplete$(Promise.scala:367)
	at scala.concurrent.impl.Promise$KeptPromise$Successful.onComplete(Promise.scala:375)
	at scala.concurrent.impl.Promise.transform(Promise.scala:29)
	at scala.concurrent.impl.Promise.transform$(Promise.scala:27)
	at scala.concurrent.impl.Promise$KeptPromise$Successful.transform(Promise.scala:375)
	at scala.concurrent.Future.map(Future.scala:289)
	at scala.concurrent.Future.map$(Future.scala:289)
	at scala.concurrent.impl.Promise$KeptPromise$Successful.map(Promise.scala:375)
	at scala.concurrent.Future$.apply(Future.scala:655)
	at play.core.j.JavaAction.apply(JavaAction.scala:138)
	at play.api.mvc.Action.$anonfun$apply$2(Action.scala:96)
	at play.api.libs.streams.StrictAccumulator.$anonfun$mapFuture$4(Accumulator.scala:174)
	at scala.util.Try$.apply(Try.scala:209)
	at play.api.libs.streams.StrictAccumulator.$anonfun$mapFuture$3(Accumulator.scala:174)
	at scala.Function1.$anonfun$andThen$1(Function1.scala:52)
	at scala.Function1.$anonfun$andThen$1(Function1.scala:52)
	at play.api.libs.streams.StrictAccumulator.run(Accumulator.scala:207)
	at play.core.server.AkkaHttpServer.$anonfun$runAction$4(AkkaHttpServer.scala:337)
	at akka.http.scaladsl.util.FastFuture$.strictTransform$1(FastFuture.scala:41)
	at akka.http.scaladsl.util.FastFuture$.$anonfun$transformWith$3(FastFuture.scala:51)
	... 12 common frames omitted
2018-04-29 16:26:37,658 [INFO] from application in application-akka.actor.default-dispatcher-46 - Shutting down connection pool.
2018-04-29 16:26:37,807 [INFO] from application in play-dev-mode-akka.actor.default-dispatcher-147 - Creating Pool for datasource 'default'
2018-04-29 16:26:37,832 [INFO] from play.api.db.HikariCPConnectionPool in play-dev-mode-akka.actor.default-dispatcher-147 - datasource [default] bound to JNDI as livrosDS
2018-04-29 16:26:37,832 [INFO] from play.api.db.DefaultDBApi in play-dev-mode-akka.actor.default-dispatcher-147 - Database [default] connected at jdbc:postgresql://localhost/livros
2018-04-29 16:26:37,885 [WARN] from org.hibernate.validator.messageinterpolation.ParameterMessageInterpolator in play-dev-mode-akka.actor.default-dispatcher-147 - HV000184: ParameterMessageInterpolator has been chosen, EL interpolation will not be supported
2018-04-29 16:26:38,129 [INFO] from play.api.http.EnabledFilters in play-dev-mode-akka.actor.default-dispatcher-147 - Enabled Filters (see <https://www.playframework.com/documentation/latest/Filters>):

    play.filters.csrf.CSRFFilter
    play.filters.headers.SecurityHeadersFilter
    play.filters.hosts.AllowedHostsFilter

2018-04-29 16:26:38,130 [INFO] from play.api.Play in play-dev-mode-akka.actor.default-dispatcher-147 - Application started (Dev)
2018-04-29 16:27:03,275 [INFO] from application in application-akka.actor.default-dispatcher-4 - Shutting down connection pool.
2018-04-29 16:27:03,413 [INFO] from application in play-dev-mode-akka.actor.default-dispatcher-145 - Creating Pool for datasource 'default'
2018-04-29 16:27:03,445 [INFO] from play.api.db.HikariCPConnectionPool in play-dev-mode-akka.actor.default-dispatcher-145 - datasource [default] bound to JNDI as livrosDS
2018-04-29 16:27:03,445 [INFO] from play.api.db.DefaultDBApi in play-dev-mode-akka.actor.default-dispatcher-145 - Database [default] connected at jdbc:postgresql://localhost/livros
2018-04-29 16:27:03,487 [WARN] from org.hibernate.validator.messageinterpolation.ParameterMessageInterpolator in play-dev-mode-akka.actor.default-dispatcher-145 - HV000184: ParameterMessageInterpolator has been chosen, EL interpolation will not be supported
2018-04-29 16:27:03,754 [INFO] from play.api.http.EnabledFilters in play-dev-mode-akka.actor.default-dispatcher-145 - Enabled Filters (see <https://www.playframework.com/documentation/latest/Filters>):

    play.filters.csrf.CSRFFilter
    play.filters.headers.SecurityHeadersFilter
    play.filters.hosts.AllowedHostsFilter

2018-04-29 16:27:03,755 [INFO] from play.api.Play in play-dev-mode-akka.actor.default-dispatcher-145 - Application started (Dev)
2018-04-29 16:29:12,159 [INFO] from application in application-akka.actor.default-dispatcher-14 - Shutting down connection pool.
2018-04-29 16:29:12,271 [INFO] from application in play-dev-mode-akka.actor.default-dispatcher-154 - Creating Pool for datasource 'default'
2018-04-29 16:29:12,315 [INFO] from play.api.db.HikariCPConnectionPool in play-dev-mode-akka.actor.default-dispatcher-154 - datasource [default] bound to JNDI as livrosDS
2018-04-29 16:29:12,315 [INFO] from play.api.db.DefaultDBApi in play-dev-mode-akka.actor.default-dispatcher-154 - Database [default] connected at jdbc:postgresql://localhost/livros
2018-04-29 16:29:12,355 [WARN] from org.hibernate.validator.messageinterpolation.ParameterMessageInterpolator in play-dev-mode-akka.actor.default-dispatcher-154 - HV000184: ParameterMessageInterpolator has been chosen, EL interpolation will not be supported
2018-04-29 16:29:12,639 [INFO] from play.api.http.EnabledFilters in play-dev-mode-akka.actor.default-dispatcher-154 - Enabled Filters (see <https://www.playframework.com/documentation/latest/Filters>):

    play.filters.csrf.CSRFFilter
    play.filters.headers.SecurityHeadersFilter
    play.filters.hosts.AllowedHostsFilter

2018-04-29 16:29:12,640 [INFO] from play.api.Play in play-dev-mode-akka.actor.default-dispatcher-154 - Application started (Dev)
2018-04-29 16:30:44,003 [INFO] from application in application-akka.actor.default-dispatcher-7 - Shutting down connection pool.
2018-04-29 16:30:44,126 [INFO] from application in play-dev-mode-akka.actor.default-dispatcher-167 - Creating Pool for datasource 'default'
2018-04-29 16:30:44,166 [INFO] from play.api.db.HikariCPConnectionPool in play-dev-mode-akka.actor.default-dispatcher-167 - datasource [default] bound to JNDI as livrosDS
2018-04-29 16:30:44,166 [INFO] from play.api.db.DefaultDBApi in play-dev-mode-akka.actor.default-dispatcher-167 - Database [default] connected at jdbc:postgresql://localhost/livros
2018-04-29 16:30:44,209 [WARN] from org.hibernate.validator.messageinterpolation.ParameterMessageInterpolator in play-dev-mode-akka.actor.default-dispatcher-167 - HV000184: ParameterMessageInterpolator has been chosen, EL interpolation will not be supported
2018-04-29 16:30:44,435 [INFO] from play.api.http.EnabledFilters in play-dev-mode-akka.actor.default-dispatcher-167 - Enabled Filters (see <https://www.playframework.com/documentation/latest/Filters>):

    play.filters.csrf.CSRFFilter
    play.filters.headers.SecurityHeadersFilter
    play.filters.hosts.AllowedHostsFilter

2018-04-29 16:30:44,436 [INFO] from play.api.Play in play-dev-mode-akka.actor.default-dispatcher-167 - Application started (Dev)
2018-04-29 16:32:05,565 [INFO] from application in application-akka.actor.default-dispatcher-3 - Shutting down connection pool.
2018-04-29 16:32:05,667 [INFO] from application in play-dev-mode-akka.actor.default-dispatcher-167 - Creating Pool for datasource 'default'
2018-04-29 16:32:05,698 [INFO] from play.api.db.HikariCPConnectionPool in play-dev-mode-akka.actor.default-dispatcher-167 - datasource [default] bound to JNDI as livrosDS
2018-04-29 16:32:05,698 [INFO] from play.api.db.DefaultDBApi in play-dev-mode-akka.actor.default-dispatcher-167 - Database [default] connected at jdbc:postgresql://localhost/livros
2018-04-29 16:32:05,747 [WARN] from org.hibernate.validator.messageinterpolation.ParameterMessageInterpolator in play-dev-mode-akka.actor.default-dispatcher-167 - HV000184: ParameterMessageInterpolator has been chosen, EL interpolation will not be supported
2018-04-29 16:32:05,968 [INFO] from play.api.http.EnabledFilters in play-dev-mode-akka.actor.default-dispatcher-167 - Enabled Filters (see <https://www.playframework.com/documentation/latest/Filters>):

    play.filters.csrf.CSRFFilter
    play.filters.headers.SecurityHeadersFilter
    play.filters.hosts.AllowedHostsFilter

2018-04-29 16:32:05,968 [INFO] from play.api.Play in play-dev-mode-akka.actor.default-dispatcher-167 - Application started (Dev)
2018-04-29 18:59:33,264 [INFO] from application in application-akka.actor.default-dispatcher-81 - Shutting down connection pool.
2018-04-29 18:59:33,366 [INFO] from application in play-dev-mode-akka.actor.default-dispatcher-318 - Creating Pool for datasource 'default'
2018-04-29 18:59:33,391 [INFO] from play.api.db.HikariCPConnectionPool in play-dev-mode-akka.actor.default-dispatcher-318 - datasource [default] bound to JNDI as livrosDS
2018-04-29 18:59:33,391 [INFO] from play.api.db.DefaultDBApi in play-dev-mode-akka.actor.default-dispatcher-318 - Database [default] connected at jdbc:postgresql://localhost/livros
2018-04-29 18:59:33,432 [WARN] from org.hibernate.validator.messageinterpolation.ParameterMessageInterpolator in play-dev-mode-akka.actor.default-dispatcher-318 - HV000184: ParameterMessageInterpolator has been chosen, EL interpolation will not be supported
2018-04-29 18:59:33,680 [INFO] from play.api.http.EnabledFilters in play-dev-mode-akka.actor.default-dispatcher-318 - Enabled Filters (see <https://www.playframework.com/documentation/latest/Filters>):

    play.filters.csrf.CSRFFilter
    play.filters.headers.SecurityHeadersFilter
    play.filters.hosts.AllowedHostsFilter

2018-04-29 18:59:33,680 [INFO] from play.api.Play in play-dev-mode-akka.actor.default-dispatcher-318 - Application started (Dev)
